2020-02-14 10:22:08 INFO  Ims:29 - What is your username
2020-02-14 10:22:13 INFO  Ims:31 - What is your password
2020-02-14 10:22:23 INFO  Ims:36 - Which entity would you like to use?
2020-02-14 10:22:23 INFO  Domain:28 - CUSTOMER: Information about customers
2020-02-14 10:22:23 INFO  Domain:28 - ITEM: Individual Items
2020-02-14 10:22:23 INFO  Domain:28 - ORDER: Purchases of items
2020-02-14 10:22:23 INFO  Domain:28 - STOP: To close the application
2020-02-14 10:22:26 INFO  Ims:40 - What would you like to do with item:
2020-02-14 10:22:26 INFO  Action:40 - CREATE: To save a new item into the database
2020-02-14 10:22:26 INFO  Action:40 - READ: To read an item from the database
2020-02-14 10:22:26 INFO  Action:40 - UPDATE: To change an item already in the database
2020-02-14 10:22:26 INFO  Action:40 - DELETE: To remove an item from the database
2020-02-14 10:22:26 INFO  Action:40 - RETURN: To return to domain selection
2020-02-14 10:22:31 INFO  ItemsController:48 - id:1 item_name:Item1 item_value:19.99
2020-02-14 10:22:31 INFO  ItemsController:48 - id:2 item_name:Item2 item_value:4.99
2020-02-14 10:22:31 INFO  ItemsController:48 - id:3 item_name:Item3 item_value:20.0
2020-02-14 10:22:31 INFO  ItemsController:48 - id:4 item_name:Item4 item_value:1.5
2020-02-14 10:22:31 INFO  ItemsController:48 - id:5 item_name:Item5 item_value:129.99
2020-02-14 10:22:31 INFO  ItemsController:48 - id:6 item_name:Item6 item_value:69.99
2020-02-14 10:22:31 INFO  ItemsController:48 - id:7 item_name:Item7 item_value:50.0
2020-02-14 10:22:31 INFO  ItemsController:48 - id:8 item_name:Item8 item_value:100.0
2020-02-14 10:22:31 INFO  ItemsController:48 - id:9 item_name:Item9 item_value:27.99
2020-02-14 10:23:32 INFO  Ims:29 - What is your username
2020-02-14 10:23:42 INFO  Ims:31 - What is your password
2020-02-14 10:23:50 INFO  Ims:36 - Which entity would you like to use?
2020-02-14 10:23:50 INFO  Domain:28 - CUSTOMER: Information about customers
2020-02-14 10:23:50 INFO  Domain:28 - ITEM: Individual Items
2020-02-14 10:23:50 INFO  Domain:28 - ORDER: Purchases of items
2020-02-14 10:23:50 INFO  Domain:28 - STOP: To close the application
2020-02-14 10:23:54 INFO  Ims:40 - What would you like to do with item:
2020-02-14 10:23:54 INFO  Action:40 - CREATE: To save a new item into the database
2020-02-14 10:23:54 INFO  Action:40 - READ: To read an item from the database
2020-02-14 10:23:54 INFO  Action:40 - UPDATE: To change an item already in the database
2020-02-14 10:23:54 INFO  Action:40 - DELETE: To remove an item from the database
2020-02-14 10:23:54 INFO  Action:40 - RETURN: To return to domain selection
2020-02-14 10:23:57 INFO  ItemsController:68 - Enter the item you require
2020-02-14 10:24:02 INFO  ItemsController:72 - Please enter the item value
2020-02-14 10:24:10 INFO  ItemsController:78 - Item created
2020-02-14 10:40:32 INFO  Ims:29 - What is your username
2020-02-14 10:40:37 INFO  Ims:31 - What is your password
2020-02-14 10:40:44 INFO  Ims:36 - Which entity would you like to use?
2020-02-14 10:40:44 INFO  Domain:28 - CUSTOMER: Information about customers
2020-02-14 10:40:44 INFO  Domain:28 - ITEM: Individual Items
2020-02-14 10:40:44 INFO  Domain:28 - ORDER: Purchases of items
2020-02-14 10:40:44 INFO  Domain:28 - STOP: To close the application
2020-02-14 10:40:48 INFO  Ims:40 - What would you like to do with item:
2020-02-14 10:40:48 INFO  Action:40 - CREATE: To save a new item into the database
2020-02-14 10:40:48 INFO  Action:40 - READ: To read an item from the database
2020-02-14 10:40:48 INFO  Action:40 - UPDATE: To change an item already in the database
2020-02-14 10:40:48 INFO  Action:40 - DELETE: To remove an item from the database
2020-02-14 10:40:48 INFO  Action:40 - RETURN: To return to domain selection
2020-02-14 10:40:52 INFO  ItemsController:48 - id:1 item_name:Item1 item_value:19.99
2020-02-14 10:40:52 INFO  ItemsController:48 - id:2 item_name:Item2 item_value:4.99
2020-02-14 10:40:52 INFO  ItemsController:48 - id:3 item_name:Item3 item_value:20.0
2020-02-14 10:40:52 INFO  ItemsController:48 - id:4 item_name:Item4 item_value:1.5
2020-02-14 10:40:52 INFO  ItemsController:48 - id:5 item_name:Item5 item_value:129.99
2020-02-14 10:40:52 INFO  ItemsController:48 - id:6 item_name:Item6 item_value:69.99
2020-02-14 10:40:52 INFO  ItemsController:48 - id:7 item_name:Item7 item_value:50.0
2020-02-14 10:40:52 INFO  ItemsController:48 - id:8 item_name:Item8 item_value:100.0
2020-02-14 10:40:52 INFO  ItemsController:48 - id:9 item_name:Item9 item_value:27.99
2020-02-14 10:40:52 INFO  ItemsController:48 - id:14 item_name:Item10 item_value:79.99
2020-02-14 10:41:03 INFO  Ims:29 - What is your username
2020-02-14 10:41:07 INFO  Ims:31 - What is your password
2020-02-14 10:41:17 INFO  Ims:36 - Which entity would you like to use?
2020-02-14 10:41:17 INFO  Domain:28 - CUSTOMER: Information about customers
2020-02-14 10:41:17 INFO  Domain:28 - ITEM: Individual Items
2020-02-14 10:41:17 INFO  Domain:28 - ORDER: Purchases of items
2020-02-14 10:41:17 INFO  Domain:28 - STOP: To close the application
2020-02-14 10:42:04 INFO  Ims:40 - What would you like to do with item:
2020-02-14 10:42:04 INFO  Action:40 - CREATE: To save a new item into the database
2020-02-14 10:42:04 INFO  Action:40 - READ: To read an item from the database
2020-02-14 10:42:04 INFO  Action:40 - UPDATE: To change an item already in the database
2020-02-14 10:42:04 INFO  Action:40 - DELETE: To remove an item from the database
2020-02-14 10:42:04 INFO  Action:40 - RETURN: To return to domain selection
2020-02-14 10:42:08 INFO  ItemsController:117 - Please enter the ID of the item you would like to delete
2020-02-14 10:42:13 INFO  ItemsController:123 - Item Deleted
2020-02-14 10:47:50 INFO  Ims:29 - What is your username
2020-02-14 10:47:55 INFO  Ims:31 - What is your password
2020-02-14 10:48:02 INFO  Ims:36 - Which entity would you like to use?
2020-02-14 10:48:02 INFO  Domain:28 - CUSTOMER: Information about customers
2020-02-14 10:48:02 INFO  Domain:28 - ITEM: Individual Items
2020-02-14 10:48:02 INFO  Domain:28 - ORDER: Purchases of items
2020-02-14 10:48:02 INFO  Domain:28 - STOP: To close the application
2020-02-14 10:48:07 INFO  Ims:40 - What would you like to do with item:
2020-02-14 10:48:07 INFO  Action:40 - CREATE: To save a new item into the database
2020-02-14 10:48:07 INFO  Action:40 - READ: To read an item from the database
2020-02-14 10:48:07 INFO  Action:40 - UPDATE: To change an item already in the database
2020-02-14 10:48:07 INFO  Action:40 - DELETE: To remove an item from the database
2020-02-14 10:48:07 INFO  Action:40 - RETURN: To return to domain selection
2020-02-14 10:48:12 INFO  ItemsController:48 - id:1 item_name:Item1 item_value:19.99
2020-02-14 10:48:12 INFO  ItemsController:48 - id:2 item_name:Item2 item_value:4.99
2020-02-14 10:48:12 INFO  ItemsController:48 - id:3 item_name:Item3 item_value:20.0
2020-02-14 10:48:12 INFO  ItemsController:48 - id:4 item_name:Item4 item_value:1.5
2020-02-14 10:48:12 INFO  ItemsController:48 - id:5 item_name:Item5 item_value:129.99
2020-02-14 10:48:12 INFO  ItemsController:48 - id:6 item_name:Item6 item_value:69.99
2020-02-14 10:48:12 INFO  ItemsController:48 - id:7 item_name:Item7 item_value:50.0
2020-02-14 10:48:12 INFO  ItemsController:48 - id:8 item_name:Item8 item_value:100.0
2020-02-14 10:48:12 INFO  ItemsController:48 - id:9 item_name:Item9 item_value:27.99
2020-02-14 10:48:23 INFO  Ims:29 - What is your username
2020-02-14 12:01:57 INFO  Ims:29 - What is your username
2020-02-14 12:02:04 INFO  Ims:31 - What is your password
2020-02-14 12:02:11 INFO  Ims:36 - Which entity would you like to use?
2020-02-14 12:02:11 INFO  Domain:28 - CUSTOMER: Information about customers
2020-02-14 12:02:11 INFO  Domain:28 - ITEM: Individual Items
2020-02-14 12:02:11 INFO  Domain:28 - ORDER: Purchases of items
2020-02-14 12:02:11 INFO  Domain:28 - STOP: To close the application
2020-02-14 12:02:17 INFO  Ims:40 - What would you like to do with order:
2020-02-14 12:02:17 INFO  Action:40 - CREATE: To save a new item into the database
2020-02-14 12:02:17 INFO  Action:40 - READ: To read an item from the database
2020-02-14 12:02:17 INFO  Action:40 - UPDATE: To change an item already in the database
2020-02-14 12:02:17 INFO  Action:40 - DELETE: To remove an item from the database
2020-02-14 12:02:17 INFO  Action:40 - RETURN: To return to domain selection
2020-02-14 12:06:20 INFO  Ims:29 - What is your username
2020-02-14 12:06:26 INFO  Ims:31 - What is your password
2020-02-14 12:06:37 INFO  Ims:36 - Which entity would you like to use?
2020-02-14 12:06:37 INFO  Domain:28 - CUSTOMER: Information about customers
2020-02-14 12:06:37 INFO  Domain:28 - ITEM: Individual Items
2020-02-14 12:06:37 INFO  Domain:28 - ORDER: Purchases of items
2020-02-14 12:06:37 INFO  Domain:28 - STOP: To close the application
2020-02-14 12:06:43 INFO  Ims:40 - What would you like to do with order:
2020-02-14 12:06:43 INFO  Action:40 - CREATE: To save a new item into the database
2020-02-14 12:06:43 INFO  Action:40 - READ: To read an item from the database
2020-02-14 12:06:43 INFO  Action:40 - UPDATE: To change an item already in the database
2020-02-14 12:06:43 INFO  Action:40 - DELETE: To remove an item from the database
2020-02-14 12:06:43 INFO  Action:40 - RETURN: To return to domain selection
2020-02-14 12:09:26 INFO  Ims:32 - What is your username
2020-02-14 12:09:31 INFO  Ims:34 - What is your password
2020-02-14 12:09:38 INFO  Ims:39 - Which entity would you like to use?
2020-02-14 12:09:38 INFO  Domain:28 - CUSTOMER: Information about customers
2020-02-14 12:09:38 INFO  Domain:28 - ITEM: Individual Items
2020-02-14 12:09:38 INFO  Domain:28 - ORDER: Purchases of items
2020-02-14 12:09:38 INFO  Domain:28 - STOP: To close the application
2020-02-14 12:09:41 INFO  Ims:43 - What would you like to do with order:
2020-02-14 12:09:41 INFO  Action:40 - CREATE: To save a new item into the database
2020-02-14 12:09:41 INFO  Action:40 - READ: To read an item from the database
2020-02-14 12:09:41 INFO  Action:40 - UPDATE: To change an item already in the database
2020-02-14 12:09:41 INFO  Action:40 - DELETE: To remove an item from the database
2020-02-14 12:09:41 INFO  Action:40 - RETURN: To return to domain selection
2020-02-14 12:09:49 INFO  OrderController:66 - Please enter the id of the order you would like to update
2020-02-14 12:10:06 INFO  OrderController:68 - Enter the new customer_id
2020-02-14 12:10:18 INFO  OrderController:70 - Enter the new total_cost
2020-02-14 12:11:23 INFO  Ims:32 - What is your username
2020-02-14 12:11:29 INFO  Ims:34 - What is your password
2020-02-14 12:11:37 INFO  Ims:39 - Which entity would you like to use?
2020-02-14 12:11:37 INFO  Domain:28 - CUSTOMER: Information about customers
2020-02-14 12:11:37 INFO  Domain:28 - ITEM: Individual Items
2020-02-14 12:11:37 INFO  Domain:28 - ORDER: Purchases of items
2020-02-14 12:11:37 INFO  Domain:28 - STOP: To close the application
2020-02-14 12:11:41 INFO  Ims:43 - What would you like to do with order:
2020-02-14 12:11:41 INFO  Action:40 - CREATE: To save a new item into the database
2020-02-14 12:11:41 INFO  Action:40 - READ: To read an item from the database
2020-02-14 12:11:41 INFO  Action:40 - UPDATE: To change an item already in the database
2020-02-14 12:11:41 INFO  Action:40 - DELETE: To remove an item from the database
2020-02-14 12:11:41 INFO  Action:40 - RETURN: To return to domain selection
2020-02-14 12:11:48 INFO  OrderController:50 - Enter the new customer_id
2020-02-14 12:11:50 INFO  OrderController:52 - enter total_cost
2020-02-14 12:11:56 INFO  OrderController:54 - Enter the number_of_items
2020-02-14 12:11:59 DEBUG OrderDaoMysql:73 - [Ljava.lang.StackTraceElement;@ba54932
2020-02-14 12:11:59 ERROR OrderDaoMysql:74 - Table 'projectdb.orders' doesn't exist
2020-02-14 12:11:59 INFO  OrderController:57 - Items created
2020-02-14 12:14:24 INFO  Ims:32 - What is your username
2020-02-14 12:14:27 INFO  Ims:34 - What is your password
2020-02-14 12:14:34 INFO  Ims:39 - Which entity would you like to use?
2020-02-14 12:14:34 INFO  Domain:28 - CUSTOMER: Information about customers
2020-02-14 12:14:34 INFO  Domain:28 - ITEM: Individual Items
2020-02-14 12:14:34 INFO  Domain:28 - ORDER: Purchases of items
2020-02-14 12:14:34 INFO  Domain:28 - STOP: To close the application
2020-02-14 12:14:37 INFO  Ims:43 - What would you like to do with order:
2020-02-14 12:14:37 INFO  Action:40 - CREATE: To save a new item into the database
2020-02-14 12:14:37 INFO  Action:40 - READ: To read an item from the database
2020-02-14 12:14:37 INFO  Action:40 - UPDATE: To change an item already in the database
2020-02-14 12:14:37 INFO  Action:40 - DELETE: To remove an item from the database
2020-02-14 12:14:37 INFO  Action:40 - RETURN: To return to domain selection
2020-02-14 12:14:45 INFO  OrderController:50 - Enter the new customer_id
2020-02-14 12:14:46 INFO  OrderController:52 - enter total_cost
2020-02-14 12:14:49 INFO  OrderController:54 - Enter the number_of_items
2020-02-14 12:14:52 INFO  OrderController:57 - Items created
2020-02-14 12:14:55 INFO  Ims:32 - What is your username
2020-02-14 12:15:01 INFO  Ims:34 - What is your password
2020-02-14 12:15:12 INFO  Ims:39 - Which entity would you like to use?
2020-02-14 12:15:12 INFO  Domain:28 - CUSTOMER: Information about customers
2020-02-14 12:15:12 INFO  Domain:28 - ITEM: Individual Items
2020-02-14 12:15:12 INFO  Domain:28 - ORDER: Purchases of items
2020-02-14 12:15:12 INFO  Domain:28 - STOP: To close the application
2020-02-14 12:15:21 INFO  Ims:43 - What would you like to do with order:
2020-02-14 12:15:21 INFO  Action:40 - CREATE: To save a new item into the database
2020-02-14 12:15:21 INFO  Action:40 - READ: To read an item from the database
2020-02-14 12:15:21 INFO  Action:40 - UPDATE: To change an item already in the database
2020-02-14 12:15:21 INFO  Action:40 - DELETE: To remove an item from the database
2020-02-14 12:15:21 INFO  Action:40 - RETURN: To return to domain selection
2020-02-14 12:15:43 INFO  Ims:32 - What is your username
2020-02-14 12:15:48 INFO  Ims:34 - What is your password
2020-02-14 12:16:02 INFO  Ims:39 - Which entity would you like to use?
2020-02-14 12:16:02 INFO  Domain:28 - CUSTOMER: Information about customers
2020-02-14 12:16:02 INFO  Domain:28 - ITEM: Individual Items
2020-02-14 12:16:02 INFO  Domain:28 - ORDER: Purchases of items
2020-02-14 12:16:02 INFO  Domain:28 - STOP: To close the application
2020-02-14 12:16:08 INFO  Ims:43 - What would you like to do with item:
2020-02-14 12:16:08 INFO  Action:40 - CREATE: To save a new item into the database
2020-02-14 12:16:08 INFO  Action:40 - READ: To read an item from the database
2020-02-14 12:16:08 INFO  Action:40 - UPDATE: To change an item already in the database
2020-02-14 12:16:08 INFO  Action:40 - DELETE: To remove an item from the database
2020-02-14 12:16:08 INFO  Action:40 - RETURN: To return to domain selection
2020-02-14 12:16:11 INFO  ItemsController:48 - id:1 item_name:Item1 item_value:19.99
2020-02-14 12:16:11 INFO  ItemsController:48 - id:2 item_name:Item2 item_value:4.99
2020-02-14 12:16:11 INFO  ItemsController:48 - id:3 item_name:Item3 item_value:20.0
2020-02-14 12:16:11 INFO  ItemsController:48 - id:4 item_name:Item4 item_value:1.5
2020-02-14 12:16:11 INFO  ItemsController:48 - id:5 item_name:Item5 item_value:129.99
2020-02-14 12:16:11 INFO  ItemsController:48 - id:6 item_name:Item6 item_value:69.99
2020-02-14 12:16:11 INFO  ItemsController:48 - id:7 item_name:Item7 item_value:50.0
2020-02-14 12:16:11 INFO  ItemsController:48 - id:8 item_name:Item8 item_value:100.0
2020-02-14 12:16:11 INFO  ItemsController:48 - id:9 item_name:Item9 item_value:27.99
2020-02-14 12:16:15 INFO  Ims:32 - What is your username
2020-02-14 12:16:19 INFO  Ims:34 - What is your password
2020-02-14 12:16:44 INFO  Ims:39 - Which entity would you like to use?
2020-02-14 12:16:44 INFO  Domain:28 - CUSTOMER: Information about customers
2020-02-14 12:16:44 INFO  Domain:28 - ITEM: Individual Items
2020-02-14 12:16:44 INFO  Domain:28 - ORDER: Purchases of items
2020-02-14 12:16:44 INFO  Domain:28 - STOP: To close the application
2020-02-14 12:16:49 INFO  Ims:43 - What would you like to do with order:
2020-02-14 12:16:49 INFO  Action:40 - CREATE: To save a new item into the database
2020-02-14 12:16:49 INFO  Action:40 - READ: To read an item from the database
2020-02-14 12:16:49 INFO  Action:40 - UPDATE: To change an item already in the database
2020-02-14 12:16:49 INFO  Action:40 - DELETE: To remove an item from the database
2020-02-14 12:16:49 INFO  Action:40 - RETURN: To return to domain selection
2020-02-14 12:16:53 INFO  OrderController:66 - Please enter the id of the order you would like to update
2020-02-14 12:16:55 INFO  OrderController:68 - Enter the new customer id
2020-02-14 12:16:57 INFO  OrderController:70 - Enter the new total cost
2020-02-14 12:17:00 INFO  OrderController:72 - Enter the number of items
2020-02-14 12:17:04 DEBUG OrderDaoMysql:88 - [Ljava.lang.StackTraceElement;@ba54932
2020-02-14 12:17:04 ERROR OrderDaoMysql:89 - Unknown column 'order_id' in 'where clause'
2020-02-14 12:17:04 INFO  OrderController:75 - Order Updated
2020-02-14 12:18:17 INFO  Ims:32 - What is your username
2020-02-14 12:18:22 INFO  Ims:34 - What is your password
2020-02-14 12:18:32 INFO  Ims:39 - Which entity would you like to use?
2020-02-14 12:18:32 INFO  Domain:28 - CUSTOMER: Information about customers
2020-02-14 12:18:32 INFO  Domain:28 - ITEM: Individual Items
2020-02-14 12:18:32 INFO  Domain:28 - ORDER: Purchases of items
2020-02-14 12:18:32 INFO  Domain:28 - STOP: To close the application
2020-02-14 12:18:35 INFO  Ims:43 - What would you like to do with order:
2020-02-14 12:18:35 INFO  Action:40 - CREATE: To save a new item into the database
2020-02-14 12:18:35 INFO  Action:40 - READ: To read an item from the database
2020-02-14 12:18:35 INFO  Action:40 - UPDATE: To change an item already in the database
2020-02-14 12:18:35 INFO  Action:40 - DELETE: To remove an item from the database
2020-02-14 12:18:35 INFO  Action:40 - RETURN: To return to domain selection
2020-02-14 12:18:43 INFO  OrderController:66 - Please enter the id of the order you would like to update
2020-02-14 12:18:44 INFO  OrderController:68 - Enter the new customer id
2020-02-14 12:18:46 INFO  OrderController:70 - Enter the new total cost
2020-02-14 12:18:52 INFO  OrderController:72 - Enter the number of items
2020-02-14 12:18:57 INFO  OrderController:75 - Order Updated
2020-02-14 12:19:50 INFO  Ims:32 - What is your username
2020-02-14 12:19:53 INFO  Ims:34 - What is your password
2020-02-14 12:20:00 INFO  Ims:39 - Which entity would you like to use?
2020-02-14 12:20:00 INFO  Domain:28 - CUSTOMER: Information about customers
2020-02-14 12:20:00 INFO  Domain:28 - ITEM: Individual Items
2020-02-14 12:20:00 INFO  Domain:28 - ORDER: Purchases of items
2020-02-14 12:20:00 INFO  Domain:28 - STOP: To close the application
2020-02-14 12:20:06 INFO  Ims:43 - What would you like to do with order:
2020-02-14 12:20:06 INFO  Action:40 - CREATE: To save a new item into the database
2020-02-14 12:20:06 INFO  Action:40 - READ: To read an item from the database
2020-02-14 12:20:06 INFO  Action:40 - UPDATE: To change an item already in the database
2020-02-14 12:20:06 INFO  Action:40 - DELETE: To remove an item from the database
2020-02-14 12:20:06 INFO  Action:40 - RETURN: To return to domain selection
2020-02-14 12:20:09 INFO  OrderController:66 - Please enter the id of the order you would like to update
2020-02-14 12:20:11 INFO  OrderController:68 - Enter the new customer id
2020-02-14 12:20:16 INFO  OrderController:70 - Enter the new total cost
2020-02-14 12:20:19 INFO  OrderController:72 - Enter the number of items
2020-02-14 12:20:22 INFO  OrderController:75 - Order Updated
2020-02-14 12:20:40 INFO  Ims:32 - What is your username
2020-02-14 12:20:46 INFO  Ims:34 - What is your password
2020-02-14 12:20:56 INFO  Ims:39 - Which entity would you like to use?
2020-02-14 12:20:56 INFO  Domain:28 - CUSTOMER: Information about customers
2020-02-14 12:20:56 INFO  Domain:28 - ITEM: Individual Items
2020-02-14 12:20:56 INFO  Domain:28 - ORDER: Purchases of items
2020-02-14 12:20:56 INFO  Domain:28 - STOP: To close the application
2020-02-14 12:21:00 INFO  Ims:43 - What would you like to do with order:
2020-02-14 12:21:00 INFO  Action:40 - CREATE: To save a new item into the database
2020-02-14 12:21:00 INFO  Action:40 - READ: To read an item from the database
2020-02-14 12:21:00 INFO  Action:40 - UPDATE: To change an item already in the database
2020-02-14 12:21:00 INFO  Action:40 - DELETE: To remove an item from the database
2020-02-14 12:21:00 INFO  Action:40 - RETURN: To return to domain selection
2020-02-14 12:21:04 INFO  OrderController:84 - Please enter the id of the Items you would like to delete
2020-02-14 12:21:09 DEBUG OrderDaoMysql:105 - [Ljava.lang.StackTraceElement;@2a266d09
2020-02-14 12:21:09 ERROR OrderDaoMysql:106 - Unknown column 'order_id' in 'where clause'
2020-02-14 12:21:09 INFO  OrderController:87 - Item deleted
2020-02-14 12:21:43 INFO  Ims:32 - What is your username
2020-02-14 12:21:49 INFO  Ims:34 - What is your password
2020-02-14 12:21:57 INFO  Ims:39 - Which entity would you like to use?
2020-02-14 12:21:57 INFO  Domain:28 - CUSTOMER: Information about customers
2020-02-14 12:21:57 INFO  Domain:28 - ITEM: Individual Items
2020-02-14 12:21:57 INFO  Domain:28 - ORDER: Purchases of items
2020-02-14 12:21:57 INFO  Domain:28 - STOP: To close the application
2020-02-14 12:22:01 INFO  Ims:43 - What would you like to do with order:
2020-02-14 12:22:01 INFO  Action:40 - CREATE: To save a new item into the database
2020-02-14 12:22:01 INFO  Action:40 - READ: To read an item from the database
2020-02-14 12:22:01 INFO  Action:40 - UPDATE: To change an item already in the database
2020-02-14 12:22:01 INFO  Action:40 - DELETE: To remove an item from the database
2020-02-14 12:22:01 INFO  Action:40 - RETURN: To return to domain selection
2020-02-14 12:22:06 INFO  OrderController:84 - Please enter the id of the Items you would like to delete
2020-02-14 12:22:10 INFO  OrderController:87 - Item deleted
